<?xml version="1.0" encoding="UTF-8"?>
<!-- Generated by org.testng.reporters.JUnitReportReporter -->
<testsuite skipped="0" hostname="DESKTOP-JEUF35J" name="Testcase.TCLogin" tests="1" failures="0" timestamp="08 Jun 2019 08:12:31 GMT" time="26.395" errors="0">
  <testcase name="LoginSuccess" time="26.395" classname="Testcase.TCLogin"/>
</testsuite> <!-- Testcase.TCLogin -->
