<?xml version="1.0" encoding="UTF-8"?>
<!-- Generated by org.testng.reporters.JUnitReportReporter -->
<testsuite skipped="0" hostname="DESKTOP-JEUF35J" name="Testcase.TCTopupATM" tests="4" failures="0" timestamp="26 Jun 2019 05:50:58 GMT" time="105.448" errors="0">
  <testcase name="TopupFail_InputInvalidInfo3Times" time="31.254" classname="Testcase.TCTopupATM"/>
  <testcase name="TopupFail_CancelTransactionOnNapas" time="22.595" classname="Testcase.TCTopupATM"/>
  <testcase name="TopupSuccess_WithTPbank" time="25.003" classname="Testcase.TCTopupATM"/>
  <testcase name="TopupSuccess_WithVietinbank" time="26.596" classname="Testcase.TCTopupATM"/>
</testsuite> <!-- Testcase.TCTopupATM -->
