<?xml version="1.0" encoding="UTF-8"?>
<!-- Generated by org.testng.reporters.JUnitReportReporter -->
<testsuite skipped="0" hostname="DESKTOP-JEUF35J" name="Testcase.TCTopupDebitCard" tests="1" failures="0" timestamp="18 Jun 2019 05:55:20 GMT" time="28.765" errors="0">
  <testcase name="TopupPass_InputValid3DCard" time="28.765" classname="Testcase.TCTopupDebitCard"/>
</testsuite> <!-- Testcase.TCTopupDebitCard -->
