<?xml version="1.0" encoding="UTF-8"?>
<!-- Generated by org.testng.reporters.JUnitReportReporter -->
<testsuite skipped="0" hostname="DESKTOP-JEUF35J" name="Common.GetCaptcha" tests="1" failures="0" timestamp="18 Jul 2019 08:40:15 GMT" time="0.525" errors="0">
  <testcase name="start" time="0.525" classname="Common.GetCaptcha"/>
</testsuite> <!-- Common.GetCaptcha -->
